==============================程序开始==============================
学生：2021211138登录
SaveManager:学生账号是：2021211138
SaveManager:文件路径是:../master/data/student/2021211138.json
SaveManager:读取阶段1
SaveManager:读取阶段2
SaveManager:加入查找树前
SaveManager:成功加入到查找树
SaveManager:读取阶段1
SaveManager:读取阶段2
SaveManager:加入查找树前
SaveManager:成功加入到查找树
SaveManager:读取阶段1
SaveManager:读取阶段2
SaveManager:加入查找树前
SaveManager:成功加入到查找树
SaveManager:读取阶段1
SaveManager:读取阶段2
SaveManager:加入查找树前
SaveManager:成功加入到查找树
SaveManager:读取阶段1
SaveManager:读取阶段2
SaveManager:加入查找树前
SaveManager:成功加入到查找树
SaveManager:读取阶段1
SaveManager:读取阶段2
SaveManager:加入查找树前
SaveManager:成功加入到查找树
SaveManager:加入查找树前
SaveManager:成功加入到查找树
SaveManager:加入查找树前
SaveManager:成功加入到查找树
SaveManager:加入查找树前
SaveManager:成功加入到查找树
SaveManager:加入查找树前
SaveManager:成功加入到查找树
学生对象导入课表成功，学生id为：2021211138
课表界面：刷新学生活动表，当前为1
课表界面：正在清除单元格合并
